C51 COMPILER V9.01   ADC                                                                   06/02/2012 16:41:10 PAGE 1   


C51 COMPILER V9.01, COMPILATION OF MODULE ADC
OBJECT MODULE PLACED IN .\obj\ADC.obj
COMPILER INVOKED BY: C:\Keil\C51\BIN\C51.EXE src\ADC.c WARNINGLEVEL(0) BROWSE INCDIR(.\inc) DEBUG OBJECTEXTEND PRINT(.\l
                    -ist\ADC.lst) OBJECT(.\obj\ADC.obj)

line level    source

   1          #include "STC_NEW_8051.H"
   2          #include "type.h"
   3          #include "ADC.h"
   4          
   5          
   6          volatile ADCValue_Type ADCValue;
   7          
   8          
   9          
  10          void ADCHandler(uint8 DataL, uint8 DataH)
  11          {
  12   1              ADCValue.ADCSub.ADCValL = DataL;
  13   1              ADCValue.ADCSub.ADCValH = DataH;        
  14   1      }
  15          
  16          
  17          
  18          
  19          
  20          
  21          
  22          
  23          
  24          
  25          
  26          
  27          


MODULE INFORMATION:   STATIC OVERLAYABLE
   CODE SIZE        =      5    ----
   CONSTANT SIZE    =   ----    ----
   XDATA SIZE       =   ----    ----
   PDATA SIZE       =   ----    ----
   DATA SIZE        =      2    ----
   IDATA SIZE       =   ----    ----
   BIT SIZE         =   ----    ----
END OF MODULE INFORMATION.


C51 COMPILATION COMPLETE.  0 WARNING(S),  0 ERROR(S)
