C51 COMPILER V9.01   MAIN                                                                  06/02/2012 16:41:09 PAGE 1   


C51 COMPILER V9.01, COMPILATION OF MODULE MAIN
OBJECT MODULE PLACED IN .\obj\main.obj
COMPILER INVOKED BY: C:\Keil\C51\BIN\C51.EXE src\main.c WARNINGLEVEL(0) BROWSE INCDIR(.\inc) DEBUG OBJECTEXTEND PRINT(.\
                    -list\main.lst) OBJECT(.\obj\main.obj)

line level    source

   1          /*stc12c5A60s2 MCU
   2          * 晶振 ：11.0592MHz
   3          */
   4          
   5          
   6          #include "STC_NEW_8051.H"
   7          #include <stdio.h>
   8          #include <string.h>
   9          #include "type.h"
  10          #include "uart.h"
  11          #include "delay.h"
  12          #include "cpu.h"
  13          #include "irda.h"
  14          #include "1602.h"
  15          #include "ds1302.h"
  16          #include "DHT11.h"
  17          #include "comm.h"
  18          #include "EEPROM.h"
  19          #include "ADC.h"
  20          
  21          
  22          IrData_Typ idata IrData;
  23          uint8 tmp = 0;
  24          uint8 sum = 0;
  25          
  26          extern volatile IIrData_Typ xdata IIrData;
  27          extern volatile ADCValue_Type ADCValue;
  28          
  29          uint8 code Oncode[] = {0x4b, 0x00, 0x20, 0x50, 0x12, 0x11, 0x21, 0x00, \
  30                                                  0x80};
  31          
  32          uint8 code Offcode[] = {0x12, 0x02, 0xa0, 0x50, 0x04, 0x10, 0x20, 0x00, 0x10};
  33          
  34                              //秒    分    时    日    月  星期    年
  35          uint8 code init[] = {0x10, 0x12, 0x23, 0x01, 0x01, 0x05, 0x10};
  36          uint8 xdata now[8];
  37          uint8 xdata rtc[17];
  38          
  39          
  40          
  41          
  42          void main(void)
  43          {
  44   1              unsigned char i;
  45   1              bit f = 0;
  46   1      
  47   1      
  48   1              SysInit();
  49   1              Delay1ms(100);
  50   1      
  51   1              #if !USER485
                      DispSysPara();
                      #else
  54   1              DispSysPara485();
C51 COMPILER V9.01   MAIN                                                                  06/02/2012 16:41:09 PAGE 2   

  55   1              #endif
  56   1      
  57   1              while (1)
  58   1              {
  59   2                      Delay1ms(100);
  60   2                      Delay1ms(100);
  61   2              
  62   2                      CommCmd();
  63   2      
  64   2                      if (IIrData.FrameOK)
  65   2                      {
  66   3                              IIrData.FrameOK = 0;
  67   3                              IrGetData(&IrData);
  68   3                              //prints("@");
  69   3                              for (i = 0; i < 9; i++)
  70   3                              {
  71   4                              //      EA = 0;
  72   4                                      
  73   4                              //      printi485((uint16)IrData.IrData.ucIrData[i], 16);
  74   4                              //      printi(i, 16);
  75   4                              //      printi(IIrData.uiIrData[i], 10);
  76   4                              //      prints(" ");
  77   4                              //      ;
  78   4                              //      EA = 1;
  79   4                              }
  80   3                              
  81   3      
  82   3                      }
  83   2      
  84   2                      
  85   2                      if (f)
  86   2                      {
  87   3                              if (i == 'A')
  88   3                              {
  89   4                                      LCD_disp("1", 0);
  90   4                              }
  91   3                              IrSendFrame(Oncode);
  92   3                              stc_uart_getbyte();
  93   3                              Delay100ms(1);
  94   3                      }
  95   2                      sys_handler();
  96   2              }
  97   1      
  98   1      }
  99          


MODULE INFORMATION:   STATIC OVERLAYABLE
   CODE SIZE        =    101    ----
   CONSTANT SIZE    =     27    ----
   XDATA SIZE       =     25    ----
   PDATA SIZE       =   ----    ----
   DATA SIZE        =      2       1
   IDATA SIZE       =     18    ----
   BIT SIZE         =   ----       1
END OF MODULE INFORMATION.


C51 COMPILATION COMPLETE.  0 WARNING(S),  0 ERROR(S)
